<?xml version="1.0" encoding="UTF-8"?>
<testsuite xmlns:xsi="http://www.w3.org/2001/XMLSchema-instance" xsi:noNamespaceSchemaLocation="https://maven.apache.org/surefire/maven-surefire-plugin/xsd/surefire-test-report.xsd" name="com.nttdata.patterndesing.patterns.PatternsApplicationTests" time="1.917" tests="1" errors="0" skipped="0" failures="0">
  <properties>
    <property name="java.specification.version" value="17"/>
    <property name="sun.cpu.isalist" value="amd64"/>
    <property name="sun.jnu.encoding" value="Cp1252"/>
    <property name="java.class.path" value="C:\Bootcamp microservicios 2\patterns\target\test-classes;C:\Bootcamp microservicios 2\patterns\target\classes;C:\maven\LocalRepository\org\springframework\boot\spring-boot-starter\2.7.11\spring-boot-starter-2.7.11.jar;C:\maven\LocalRepository\org\springframework\boot\spring-boot\2.7.11\spring-boot-2.7.11.jar;C:\maven\LocalRepository\org\springframework\spring-context\5.3.27\spring-context-5.3.27.jar;C:\maven\LocalRepository\org\springframework\spring-aop\5.3.27\spring-aop-5.3.27.jar;C:\maven\LocalRepository\org\springframework\spring-beans\5.3.27\spring-beans-5.3.27.jar;C:\maven\LocalRepository\org\springframework\spring-expression\5.3.27\spring-expression-5.3.27.jar;C:\maven\LocalRepository\org\springframework\boot\spring-boot-autoconfigure\2.7.11\spring-boot-autoconfigure-2.7.11.jar;C:\maven\LocalRepository\org\springframework\boot\spring-boot-starter-logging\2.7.11\spring-boot-starter-logging-2.7.11.jar;C:\maven\LocalRepository\ch\qos\logback\logback-classic\1.2.12\logback-classic-1.2.12.jar;C:\maven\LocalRepository\ch\qos\logback\logback-core\1.2.12\logback-core-1.2.12.jar;C:\maven\LocalRepository\org\apache\logging\log4j\log4j-to-slf4j\2.17.2\log4j-to-slf4j-2.17.2.jar;C:\maven\LocalRepository\org\apache\logging\log4j\log4j-api\2.17.2\log4j-api-2.17.2.jar;C:\maven\LocalRepository\org\slf4j\jul-to-slf4j\1.7.36\jul-to-slf4j-1.7.36.jar;C:\maven\LocalRepository\jakarta\annotation\jakarta.annotation-api\1.3.5\jakarta.annotation-api-1.3.5.jar;C:\maven\LocalRepository\org\springframework\spring-core\5.3.27\spring-core-5.3.27.jar;C:\maven\LocalRepository\org\springframework\spring-jcl\5.3.27\spring-jcl-5.3.27.jar;C:\maven\LocalRepository\org\yaml\snakeyaml\1.30\snakeyaml-1.30.jar;C:\maven\LocalRepository\org\projectlombok\lombok\1.18.26\lombok-1.18.26.jar;C:\maven\LocalRepository\org\springframework\boot\spring-boot-starter-test\2.7.11\spring-boot-starter-test-2.7.11.jar;C:\maven\LocalRepository\org\springframework\boot\spring-boot-test\2.7.11\spring-boot-test-2.7.11.jar;C:\maven\LocalRepository\org\springframework\boot\spring-boot-test-autoconfigure\2.7.11\spring-boot-test-autoconfigure-2.7.11.jar;C:\maven\LocalRepository\com\jayway\jsonpath\json-path\2.7.0\json-path-2.7.0.jar;C:\maven\LocalRepository\net\minidev\json-smart\2.4.10\json-smart-2.4.10.jar;C:\maven\LocalRepository\net\minidev\accessors-smart\2.4.9\accessors-smart-2.4.9.jar;C:\maven\LocalRepository\org\ow2\asm\asm\9.3\asm-9.3.jar;C:\maven\LocalRepository\org\slf4j\slf4j-api\1.7.36\slf4j-api-1.7.36.jar;C:\maven\LocalRepository\jakarta\xml\bind\jakarta.xml.bind-api\2.3.3\jakarta.xml.bind-api-2.3.3.jar;C:\maven\LocalRepository\jakarta\activation\jakarta.activation-api\1.2.2\jakarta.activation-api-1.2.2.jar;C:\maven\LocalRepository\org\assertj\assertj-core\3.22.0\assertj-core-3.22.0.jar;C:\maven\LocalRepository\org\hamcrest\hamcrest\2.2\hamcrest-2.2.jar;C:\maven\LocalRepository\org\junit\jupiter\junit-jupiter\5.8.2\junit-jupiter-5.8.2.jar;C:\maven\LocalRepository\org\junit\jupiter\junit-jupiter-api\5.8.2\junit-jupiter-api-5.8.2.jar;C:\maven\LocalRepository\org\opentest4j\opentest4j\1.2.0\opentest4j-1.2.0.jar;C:\maven\LocalRepository\org\junit\platform\junit-platform-commons\1.8.2\junit-platform-commons-1.8.2.jar;C:\maven\LocalRepository\org\apiguardian\apiguardian-api\1.1.2\apiguardian-api-1.1.2.jar;C:\maven\LocalRepository\org\junit\jupiter\junit-jupiter-params\5.8.2\junit-jupiter-params-5.8.2.jar;C:\maven\LocalRepository\org\junit\jupiter\junit-jupiter-engine\5.8.2\junit-jupiter-engine-5.8.2.jar;C:\maven\LocalRepository\org\junit\platform\junit-platform-engine\1.8.2\junit-platform-engine-1.8.2.jar;C:\maven\LocalRepository\org\mockito\mockito-core\4.5.1\mockito-core-4.5.1.jar;C:\maven\LocalRepository\net\bytebuddy\byte-buddy\1.12.23\byte-buddy-1.12.23.jar;C:\maven\LocalRepository\net\bytebuddy\byte-buddy-agent\1.12.23\byte-buddy-agent-1.12.23.jar;C:\maven\LocalRepository\org\objenesis\objenesis\3.2\objenesis-3.2.jar;C:\maven\LocalRepository\org\mockito\mockito-junit-jupiter\4.5.1\mockito-junit-jupiter-4.5.1.jar;C:\maven\LocalRepository\org\skyscreamer\jsonassert\1.5.1\jsonassert-1.5.1.jar;C:\maven\LocalRepository\com\vaadin\external\google\android-json\0.0.20131108.vaadin1\android-json-0.0.20131108.vaadin1.jar;C:\maven\LocalRepository\org\springframework\spring-test\5.3.27\spring-test-5.3.27.jar;C:\maven\LocalRepository\org\xmlunit\xmlunit-core\2.9.1\xmlunit-core-2.9.1.jar;"/>
    <property name="java.vm.vendor" value="Eclipse Adoptium"/>
    <property name="sun.arch.data.model" value="64"/>
    <property name="user.variant" value=""/>
    <property name="java.vendor.url" value="https://adoptium.net/"/>
    <property name="user.timezone" value="Europe/Madrid"/>
    <property name="os.name" value="Windows 10"/>
    <property name="java.vm.specification.version" value="17"/>
    <property name="sun.java.launcher" value="SUN_STANDARD"/>
    <property name="user.country" value="ES"/>
    <property name="sun.boot.library.path" value="C:\Program Files\Snow Software\bin"/>
    <property name="sun.java.command" value="C:\Users\ansanlop\AppData\Local\Temp\surefire6172440792005989347\surefirebooter1229763660903271440.jar C:\Users\ansanlop\AppData\Local\Temp\surefire6172440792005989347 2023-05-09T10-25-25_526-jvmRun1 surefire3950000765749879119tmp surefire_02088327179241647793tmp"/>
    <property name="jdk.debug" value="release"/>
    <property name="surefire.test.class.path" value="C:\Bootcamp microservicios 2\patterns\target\test-classes;C:\Bootcamp microservicios 2\patterns\target\classes;C:\maven\LocalRepository\org\springframework\boot\spring-boot-starter\2.7.11\spring-boot-starter-2.7.11.jar;C:\maven\LocalRepository\org\springframework\boot\spring-boot\2.7.11\spring-boot-2.7.11.jar;C:\maven\LocalRepository\org\springframework\spring-context\5.3.27\spring-context-5.3.27.jar;C:\maven\LocalRepository\org\springframework\spring-aop\5.3.27\spring-aop-5.3.27.jar;C:\maven\LocalRepository\org\springframework\spring-beans\5.3.27\spring-beans-5.3.27.jar;C:\maven\LocalRepository\org\springframework\spring-expression\5.3.27\spring-expression-5.3.27.jar;C:\maven\LocalRepository\org\springframework\boot\spring-boot-autoconfigure\2.7.11\spring-boot-autoconfigure-2.7.11.jar;C:\maven\LocalRepository\org\springframework\boot\spring-boot-starter-logging\2.7.11\spring-boot-starter-logging-2.7.11.jar;C:\maven\LocalRepository\ch\qos\logback\logback-classic\1.2.12\logback-classic-1.2.12.jar;C:\maven\LocalRepository\ch\qos\logback\logback-core\1.2.12\logback-core-1.2.12.jar;C:\maven\LocalRepository\org\apache\logging\log4j\log4j-to-slf4j\2.17.2\log4j-to-slf4j-2.17.2.jar;C:\maven\LocalRepository\org\apache\logging\log4j\log4j-api\2.17.2\log4j-api-2.17.2.jar;C:\maven\LocalRepository\org\slf4j\jul-to-slf4j\1.7.36\jul-to-slf4j-1.7.36.jar;C:\maven\LocalRepository\jakarta\annotation\jakarta.annotation-api\1.3.5\jakarta.annotation-api-1.3.5.jar;C:\maven\LocalRepository\org\springframework\spring-core\5.3.27\spring-core-5.3.27.jar;C:\maven\LocalRepository\org\springframework\spring-jcl\5.3.27\spring-jcl-5.3.27.jar;C:\maven\LocalRepository\org\yaml\snakeyaml\1.30\snakeyaml-1.30.jar;C:\maven\LocalRepository\org\projectlombok\lombok\1.18.26\lombok-1.18.26.jar;C:\maven\LocalRepository\org\springframework\boot\spring-boot-starter-test\2.7.11\spring-boot-starter-test-2.7.11.jar;C:\maven\LocalRepository\org\springframework\boot\spring-boot-test\2.7.11\spring-boot-test-2.7.11.jar;C:\maven\LocalRepository\org\springframework\boot\spring-boot-test-autoconfigure\2.7.11\spring-boot-test-autoconfigure-2.7.11.jar;C:\maven\LocalRepository\com\jayway\jsonpath\json-path\2.7.0\json-path-2.7.0.jar;C:\maven\LocalRepository\net\minidev\json-smart\2.4.10\json-smart-2.4.10.jar;C:\maven\LocalRepository\net\minidev\accessors-smart\2.4.9\accessors-smart-2.4.9.jar;C:\maven\LocalRepository\org\ow2\asm\asm\9.3\asm-9.3.jar;C:\maven\LocalRepository\org\slf4j\slf4j-api\1.7.36\slf4j-api-1.7.36.jar;C:\maven\LocalRepository\jakarta\xml\bind\jakarta.xml.bind-api\2.3.3\jakarta.xml.bind-api-2.3.3.jar;C:\maven\LocalRepository\jakarta\activation\jakarta.activation-api\1.2.2\jakarta.activation-api-1.2.2.jar;C:\maven\LocalRepository\org\assertj\assertj-core\3.22.0\assertj-core-3.22.0.jar;C:\maven\LocalRepository\org\hamcrest\hamcrest\2.2\hamcrest-2.2.jar;C:\maven\LocalRepository\org\junit\jupiter\junit-jupiter\5.8.2\junit-jupiter-5.8.2.jar;C:\maven\LocalRepository\org\junit\jupiter\junit-jupiter-api\5.8.2\junit-jupiter-api-5.8.2.jar;C:\maven\LocalRepository\org\opentest4j\opentest4j\1.2.0\opentest4j-1.2.0.jar;C:\maven\LocalRepository\org\junit\platform\junit-platform-commons\1.8.2\junit-platform-commons-1.8.2.jar;C:\maven\LocalRepository\org\apiguardian\apiguardian-api\1.1.2\apiguardian-api-1.1.2.jar;C:\maven\LocalRepository\org\junit\jupiter\junit-jupiter-params\5.8.2\junit-jupiter-params-5.8.2.jar;C:\maven\LocalRepository\org\junit\jupiter\junit-jupiter-engine\5.8.2\junit-jupiter-engine-5.8.2.jar;C:\maven\LocalRepository\org\junit\platform\junit-platform-engine\1.8.2\junit-platform-engine-1.8.2.jar;C:\maven\LocalRepository\org\mockito\mockito-core\4.5.1\mockito-core-4.5.1.jar;C:\maven\LocalRepository\net\bytebuddy\byte-buddy\1.12.23\byte-buddy-1.12.23.jar;C:\maven\LocalRepository\net\bytebuddy\byte-buddy-agent\1.12.23\byte-buddy-agent-1.12.23.jar;C:\maven\LocalRepository\org\objenesis\objenesis\3.2\objenesis-3.2.jar;C:\maven\LocalRepository\org\mockito\mockito-junit-jupiter\4.5.1\mockito-junit-jupiter-4.5.1.jar;C:\maven\LocalRepository\org\skyscreamer\jsonassert\1.5.1\jsonassert-1.5.1.jar;C:\maven\LocalRepository\com\vaadin\external\google\android-json\0.0.20131108.vaadin1\android-json-0.0.20131108.vaadin1.jar;C:\maven\LocalRepository\org\springframework\spring-test\5.3.27\spring-test-5.3.27.jar;C:\maven\LocalRepository\org\xmlunit\xmlunit-core\2.9.1\xmlunit-core-2.9.1.jar;"/>
    <property name="sun.cpu.endian" value="little"/>
    <property name="user.home" value="C:\Users\ansanlop"/>
    <property name="user.language" value="es"/>
    <property name="java.specification.vendor" value="Oracle Corporation"/>
    <property name="java.version.date" value="2023-01-17"/>
    <property name="java.home" value="C:\Program Files\Snow Software"/>
    <property name="file.separator" value="\"/>
    <property name="basedir" value="C:\Bootcamp microservicios 2\patterns"/>
    <property name="java.vm.compressedOopsMode" value="Zero based"/>
    <property name="line.separator" value="&#10;"/>
    <property name="java.vm.specification.vendor" value="Oracle Corporation"/>
    <property name="java.specification.name" value="Java Platform API Specification"/>
    <property name="surefire.real.class.path" value="C:\Users\ansanlop\AppData\Local\Temp\surefire6172440792005989347\surefirebooter1229763660903271440.jar"/>
    <property name="user.script" value=""/>
    <property name="sun.management.compiler" value="HotSpot 64-Bit Tiered Compilers"/>
    <property name="java.runtime.version" value="17.0.6+10"/>
    <property name="user.name" value="ansanlop"/>
    <property name="path.separator" value=";"/>
    <property name="os.version" value="10.0"/>
    <property name="java.runtime.name" value="OpenJDK Runtime Environment"/>
    <property name="file.encoding" value="Cp1252"/>
    <property name="java.vm.name" value="OpenJDK 64-Bit Server VM"/>
    <property name="java.vendor.version" value="Temurin-17.0.6+10"/>
    <property name="localRepository" value="C:\maven\LocalRepository"/>
    <property name="java.vendor.url.bug" value="https://github.com/adoptium/adoptium-support/issues"/>
    <property name="java.io.tmpdir" value="C:\Users\ansanlop\AppData\Local\Temp\"/>
    <property name="java.version" value="17.0.6"/>
    <property name="user.dir" value="C:\Bootcamp microservicios 2\patterns"/>
    <property name="os.arch" value="amd64"/>
    <property name="java.vm.specification.name" value="Java Virtual Machine Specification"/>
    <property name="sun.os.patch.level" value=""/>
    <property name="native.encoding" value="Cp1252"/>
    <property name="java.library.path" value="C:\Program Files\Snow Software\bin;C:\WINDOWS\Sun\Java\bin;C:\WINDOWS\system32;C:\WINDOWS;C:\Program Files\Snow Software\bin;C:\WINDOWS\system32;C:\WINDOWS;C:\WINDOWS\System32\Wbem;C:\WINDOWS\System32\WindowsPowerShell\v1.0\;C:\WINDOWS\System32\OpenSSH\;C:\maven\bin;C:\Program Files\MongoDB\Server\5.0\bin;C:\Users\ansanlop\AppData\Local\Microsoft\WindowsApps;;C:\Users\ansanlop\AppData\Local\Programs\Microsoft VS Code\bin;."/>
    <property name="java.vm.info" value="mixed mode, sharing"/>
    <property name="java.vendor" value="Eclipse Adoptium"/>
    <property name="java.vm.version" value="17.0.6+10"/>
    <property name="sun.io.unicode.encoding" value="UnicodeLittle"/>
    <property name="java.class.version" value="61.0"/>
  </properties>
  <testcase name="contextLoads" classname="com.nttdata.patterndesing.patterns.PatternsApplicationTests" time="0.545"/>
</testsuite>